<?xml version="1.0" encoding="UTF-8"?>
<testng-results ignored="0" total="1" passed="1" failed="0" skipped="0">
  <reporter-output>
  </reporter-output>
  <suite started-at="2019-08-28T12:39:47Z" name="Default suite" finished-at="2019-08-28T12:39:49Z" duration-ms="2083">
    <groups>
    </groups>
    <test started-at="2019-08-28T12:39:47Z" name="Default test" finished-at="2019-08-28T12:39:49Z" duration-ms="2083">
      <class name="newStuff.SimpleGetTest">
        <test-method signature="GetWeatherDetails()[pri:0, instance:newStuff.SimpleGetTest@45c7e403]" started-at="2019-08-28T12:39:47Z" name="GetWeatherDetails" finished-at="2019-08-28T12:39:49Z" duration-ms="2064" status="PASS">
          <reporter-output>
          </reporter-output>
        </test-method> <!-- GetWeatherDetails -->
      </class> <!-- newStuff.SimpleGetTest -->
    </test> <!-- Default test -->
  </suite> <!-- Default suite -->
</testng-results>
